<?xml version="1.0" encoding="UTF-8"?>
<!-- Generated by org.testng.reporters.JUnitXMLReporter -->
<testsuite ignored="0" hostname="DESKTOP-H6CNIGJ" failures="0" tests="3" name="Regression Test" time="68.369" errors="0" timestamp="2023-01-29T10:06:18 IST">
  <testcase classname="com.luma.testLayer.BuyFuctionality" name="verifyBuyFunctionalityWithLogin" time="16.967"/>
  <testcase classname="com.luma.testLayer.BuyFuctionality" name="verifyBuyFunctionalityWithoutLogin" time="9.89"/>
  <testcase classname="com.luma.testLayer.LoginPageTest" name="verifyLoginTest" time="9.844"/>
</testsuite> <!-- Regression Test -->
