<?xml version="1.0" encoding="UTF-8"?>
<!-- Generated by org.testng.reporters.JUnitXMLReporter -->
<testsuite ignored="1" hostname="DESKTOP-H6CNIGJ" failures="0" tests="1" name="Regression Test(failed)" time="34.091" errors="0" timestamp="2023-01-25T18:24:38 IST">
  <testcase classname="com.luma.testLayer.BuyFuctionality" name="verifyBuyFunctionalityWithLogin" time="16.588"/>
  <testcase classname="com.luma.testLayer.BuyFuctionality" name="verifyBuyFunctionalityWithoutLogin" time="0.0">
    <ignored/>
  </testcase> <!-- verifyBuyFunctionalityWithoutLogin -->
</testsuite> <!-- Regression Test(failed) -->
